[debug] [2017-12-09T00:37:45.941Z] ----------------------------------------------------------------------
[debug] [2017-12-09T00:37:45.943Z] Command:       C:\Program Files\nodejs\node.exe C:\Users\Brian\AppData\Roaming\npm\node_modules\firebase-tools\bin\firebase serve
[debug] [2017-12-09T00:37:45.944Z] CLI Version:   3.16.0
[debug] [2017-12-09T00:37:45.944Z] Platform:      win32
[debug] [2017-12-09T00:37:45.944Z] Node Version:  v6.11.4
[debug] [2017-12-09T00:37:45.945Z] Time:          Fri Dec 08 2017 16:37:45 GMT-0800 (Pacific Standard Time)
[debug] [2017-12-09T00:37:45.945Z] ----------------------------------------------------------------------
[debug] 
[debug] [2017-12-09T00:37:45.957Z] > command requires scopes: ["email","openid","https://www.googleapis.com/auth/cloudplatformprojects.readonly","https://www.googleapis.com/auth/firebase","https://www.googleapis.com/auth/cloud-platform"]
[debug] [2017-12-09T00:37:45.957Z] > authorizing via signed-in user
[debug] [2017-12-09T00:37:45.959Z] >>> HTTP REQUEST GET https://admin.firebase.com/v1/projects/footy-b0652  
  
 Fri Dec 08 2017 16:37:45 GMT-0800 (Pacific Standard Time)
[debug] [2017-12-09T00:37:46.537Z] <<< HTTP RESPONSE 200
[debug] [2017-12-09T00:37:46.540Z] >>> HTTP REQUEST GET https://admin.firebase.com/v1/database/footy-b0652/tokens  
  
 Fri Dec 08 2017 16:37:46 GMT-0800 (Pacific Standard Time)
[debug] [2017-12-09T00:37:46.959Z] <<< HTTP RESPONSE 500
[debug] [2017-12-09T00:37:46.959Z] <<< HTTP RESPONSE BODY
[error] 
[error] Error: HTTP Error: 500, An unknown error occurred. Please contact support.
[debug] [2017-12-09T00:37:47.147Z] Error Context: {
  "body": {
    "error": {
      "code": "UNKNOWN_ERROR",
      "message": "An unknown error occurred. Please contact support."
    }
  },
  "response": {
    "statusCode": 500,
    "body": {
      "error": {
        "code": "UNKNOWN_ERROR",
        "message": "An unknown error occurred. Please contact support."
      }
    },
    "headers": {
      "server": "nginx",
      "date": "Sat, 09 Dec 2017 00:37:44 GMT",
      "content-type": "application/json; charset=utf-8",
      "content-length": "97",
      "connection": "close",
      "x-content-type-options": "nosniff"
    },
    "request": {
      "uri": {
        "protocol": "https:",
        "slashes": true,
        "auth": null,
        "host": "admin.firebase.com",
        "port": 443,
        "hostname": "admin.firebase.com",
        "hash": null,
        "search": null,
        "query": null,
        "pathname": "/v1/database/footy-b0652/tokens",
        "path": "/v1/database/footy-b0652/tokens",
        "href": "https://admin.firebase.com/v1/database/footy-b0652/tokens"
      },
      "method": "GET"
    }
  }
}
[debug] [2017-12-09T00:37:52.196Z] ----------------------------------------------------------------------
[debug] [2017-12-09T00:37:52.198Z] Command:       C:\Program Files\nodejs\node.exe C:\Users\Brian\AppData\Roaming\npm\node_modules\firebase-tools\bin\firebase serve
[debug] [2017-12-09T00:37:52.199Z] CLI Version:   3.16.0
[debug] [2017-12-09T00:37:52.199Z] Platform:      win32
[debug] [2017-12-09T00:37:52.199Z] Node Version:  v6.11.4
[debug] [2017-12-09T00:37:52.200Z] Time:          Fri Dec 08 2017 16:37:52 GMT-0800 (Pacific Standard Time)
[debug] [2017-12-09T00:37:52.200Z] ----------------------------------------------------------------------
[debug] 
[debug] [2017-12-09T00:37:52.211Z] > command requires scopes: ["email","openid","https://www.googleapis.com/auth/cloudplatformprojects.readonly","https://www.googleapis.com/auth/firebase","https://www.googleapis.com/auth/cloud-platform"]
[debug] [2017-12-09T00:37:52.212Z] > authorizing via signed-in user
[debug] [2017-12-09T00:37:52.214Z] >>> HTTP REQUEST GET https://admin.firebase.com/v1/projects/footy-b0652  
  
 Fri Dec 08 2017 16:37:52 GMT-0800 (Pacific Standard Time)
[debug] [2017-12-09T00:37:52.902Z] <<< HTTP RESPONSE 200
[debug] [2017-12-09T00:37:52.906Z] >>> HTTP REQUEST GET https://admin.firebase.com/v1/database/footy-b0652/tokens  
  
 Fri Dec 08 2017 16:37:52 GMT-0800 (Pacific Standard Time)
[debug] [2017-12-09T00:37:55.252Z] <<< HTTP RESPONSE 500
[debug] [2017-12-09T00:37:55.252Z] <<< HTTP RESPONSE BODY
[error] 
[error] Error: HTTP Error: 500, An unknown error occurred. Please contact support.
[debug] [2017-12-09T00:37:55.512Z] Error Context: {
  "body": {
    "error": {
      "code": "UNKNOWN_ERROR",
      "message": "An unknown error occurred. Please contact support."
    }
  },
  "response": {
    "statusCode": 500,
    "body": {
      "error": {
        "code": "UNKNOWN_ERROR",
        "message": "An unknown error occurred. Please contact support."
      }
    },
    "headers": {
      "server": "nginx",
      "date": "Sat, 09 Dec 2017 00:37:52 GMT",
      "content-type": "application/json; charset=utf-8",
      "content-length": "97",
      "connection": "close",
      "x-content-type-options": "nosniff"
    },
    "request": {
      "uri": {
        "protocol": "https:",
        "slashes": true,
        "auth": null,
        "host": "admin.firebase.com",
        "port": 443,
        "hostname": "admin.firebase.com",
        "hash": null,
        "search": null,
        "query": null,
        "pathname": "/v1/database/footy-b0652/tokens",
        "path": "/v1/database/footy-b0652/tokens",
        "href": "https://admin.firebase.com/v1/database/footy-b0652/tokens"
      },
      "method": "GET"
    }
  }
}
[debug] [2017-12-09T00:38:00.325Z] ----------------------------------------------------------------------
[debug] [2017-12-09T00:38:00.327Z] Command:       C:\Program Files\nodejs\node.exe C:\Users\Brian\AppData\Roaming\npm\node_modules\firebase-tools\bin\firebase serve
[debug] [2017-12-09T00:38:00.328Z] CLI Version:   3.16.0
[debug] [2017-12-09T00:38:00.328Z] Platform:      win32
[debug] [2017-12-09T00:38:00.328Z] Node Version:  v6.11.4
[debug] [2017-12-09T00:38:00.328Z] Time:          Fri Dec 08 2017 16:38:00 GMT-0800 (Pacific Standard Time)
[debug] [2017-12-09T00:38:00.328Z] ----------------------------------------------------------------------
[debug] 
[debug] [2017-12-09T00:38:00.340Z] > command requires scopes: ["email","openid","https://www.googleapis.com/auth/cloudplatformprojects.readonly","https://www.googleapis.com/auth/firebase","https://www.googleapis.com/auth/cloud-platform"]
[debug] [2017-12-09T00:38:00.340Z] > authorizing via signed-in user
[debug] [2017-12-09T00:38:00.343Z] >>> HTTP REQUEST GET https://admin.firebase.com/v1/projects/footy-b0652  
  
 Fri Dec 08 2017 16:38:00 GMT-0800 (Pacific Standard Time)
[debug] [2017-12-09T00:38:00.869Z] <<< HTTP RESPONSE 200
[debug] [2017-12-09T00:38:00.872Z] >>> HTTP REQUEST GET https://admin.firebase.com/v1/database/footy-b0652/tokens  
  
 Fri Dec 08 2017 16:38:00 GMT-0800 (Pacific Standard Time)
[debug] [2017-12-09T00:38:02.373Z] <<< HTTP RESPONSE 200
[info] 
[info] === Serving from 'C:\Users\Brian\source\repos\134footy'...
[info] 
[debug] [2017-12-09T00:38:02.382Z] >>> HTTP REQUEST GET https://cloudresourcemanager.googleapis.com/v1/projects/footy-b0652  
  
 Fri Dec 08 2017 16:38:02 GMT-0800 (Pacific Standard Time)
[debug] [2017-12-09T00:38:02.916Z] <<< HTTP RESPONSE 200
[debug] [2017-12-09T00:38:02.917Z] >>> HTTP REQUEST GET https://mobilesdk-pa.googleapis.com/v1/projects/141339264361/clients/_:getWebAppConfig  
  
 Fri Dec 08 2017 16:38:02 GMT-0800 (Pacific Standard Time)
[debug] [2017-12-09T00:38:03.584Z] <<< HTTP RESPONSE 200
[info] i  hosting: Serving hosting files from: public
[info] +  hosting: Local server: http://localhost:5000

